<?xml version="1.0" encoding="UTF-8"?>
<!-- Generated by org.testng.reporters.JUnitXMLReporter -->
<testsuite hostname="Tarek-QualityAssurance.local" failures="0" tests="6" name="Default test" time="6.68" errors="0" timestamp="18 Jul 2018 22:25:40 GMT">
  <testcase classname="testCase.HybridTestCase" name="HybridTest" time="2.703"/>
  <testcase classname="testCase.HybridTestCase" name="HybridTest" time="0.083"/>
  <testcase classname="testCase.HybridTestCase" name="HybridTest" time="0.068"/>
  <testcase classname="testCase.HybridTestCase" name="HybridTest" time="0.327"/>
  <testcase classname="testCase.HybridTestCase" name="HybridTest" time="3.003"/>
  <testcase classname="testCase.HybridTestCase" name="HybridTest" time="0.047"/>
</testsuite> <!-- Default test -->
